<?xml version="1.0" encoding="windows-1252" standalone="no"?>
<!DOCTYPE log SYSTEM "logger.dtd">
<log>
<record>
  <date>2020-01-27T11:42:06</date>
  <millis>1580103726287</millis>
  <sequence>0</sequence>
  <logger>jMetal</logger>
  <level>INFO</level>
  <class>jmetal.metaheuristics.nsgaIIATM.NSGAII_main</class>
  <method>main</method>
  <thread>1</thread>
  <message>Total execution time: 572ms</message>
</record>
<record>
  <date>2020-01-27T11:42:06</date>
  <millis>1580103726318</millis>
  <sequence>1</sequence>
  <logger>jMetal</logger>
  <level>INFO</level>
  <class>jmetal.metaheuristics.nsgaIIATM.NSGAII_main</class>
  <method>main</method>
  <thread>1</thread>
  <message>Variables values have been writen to file VAR</message>
</record>
<record>
  <date>2020-01-27T11:42:06</date>
  <millis>1580103726328</millis>
  <sequence>2</sequence>
  <logger>jMetal</logger>
  <level>INFO</level>
  <class>jmetal.metaheuristics.nsgaIIATM.NSGAII_main</class>
  <method>main</method>
  <thread>1</thread>
  <message>Objectives values have been writen to file FUN</message>
</record>
</log>
